[   000000000] Linux version 4.15.0-124-generic (buildd@lgw01-amd64-029) (gcc version 7.5.0 (Ubuntu 7.5.0-3ubuntu1~18.04)) #127-Ubuntu SMP Fri Nov 6 10:54:43 UTC 2020 (Ubuntu 4.15.0-124.127-generic 4.15.18)
[    0.000000] Command line: BOOT_IMAGE=/boot/vmlinuz-4.15.0-124-generic root=LABEL=cloudimg-rootfs ro console=tty1 console=ttyS0
[    0.000000] KERNEL supported cpus:
[    0.000000]   Intel GenuineIntel
[    0.000000]   AMD AuthenticAMD
[    0.000000]   Centaur CentaurHauls
[    0.000000] x86/fpu: Supporting XSAVE feature 0x001: 'x87 floating point registers'
[    0.000000] x86/fpu: Supporting XSAVE feature 0x002: 'SSE registers'
[    0.000000] x86/fpu: Supporting XSAVE feature 0x004: 'AVX registers'
[    0.000000] x86/fpu: xstate_offset[2]:  576, xstate_sizes[2]:  256
[    0.000000] x86/fpu: Enabled xstate features 0x7, context size is 832 bytes, using 'standard' format.
[    0.000000] e820: BIOS-provided physical RAM map:
[    0.000000] BIOS-e820: [mem 0x0000000000000000-0x000000000009fbff] usable
[    0.000000] BIOS-e820: [mem 0x000000000009fc00-0x000000000009ffff] reserved
[    0.000000] BIOS-e820: [mem 0x00000000000f0000-0x00000000000fffff] reserved
[    0.000000] BIOS-e820: [mem 0x0000000000100000-0x000000003ffeffff] usable
[    0.000000] BIOS-e820: [mem 0x000000003fff0000-0x000000003fffffff] ACPI data
[    0.000000] BIOS-e820: [mem 0x00000000fec00000-0x00000000fec00fff] reserved
[    0.000000] BIOS-e820: [mem 0x00000000fee00000-0x00000000fee00fff] reserved
[    0.000000] BIOS-e820: [mem 0x00000000fffc0000-0x00000000ffffffff] reserved
[    0.000000] NX (Execute Disable) protection: active
[    0.000000] SMBIOS 2.5 present.
[    0.000000] DMI: innotek GmbH VirtualBox/VirtualBox, BIOS VirtualBox 12/01/2006
[    0.000000] Hypervisor detected: KVM
[    0.000000] e820: last_pfn = 0x3fff0 max_arch_pfn = 0x400000000
[    0.000000] MTRR: Disabled
[    0.000000] x86/PAT: MTRRs disabled, skipping PAT initialization too.
[    0.000000] CPU MTRRs all blank - virtualized system.
[    0.000000] x86/PAT: Configuration [0-7]: WB  WT  UC- UC  WB  WT  UC- UC  
[    0.000000] found SMP MP-table at [mem 0x0009fff0-0x0009ffff]
[    0.000000] Scanning 1 areas for low memory corruption
[    0.000000] RAMDISK: [mem 0x35a67000-0x36d2afff]
[    0.000000] ACPI: Early table checksum verification disabled
[    0.000000] ACPI: RSDP 0x00000000000E0000 000024 (v02 VBOX  )
[    0.000000] ACPI: XSDT 0x000000003FFF0030 00003C (v01 VBOX   VBOXXSDT 00000001 ASL  00000061)
[    0.000000] ACPI: FACP 0x000000003FFF00F0 0000F4 (v04 VBOX   VBOXFACP 00000001 ASL  00000061)
[    0.000000] ACPI: DSDT 0x000000003FFF0470 0021FF (v02 VBOX   VBOXBIOS 00000002 INTL 20180105)
[    0.000000] ACPI: FACS 0x000000003FFF0200 000040
[    0.000000] ACPI: FACS 0x000000003FFF0200 000040
[    0.000000] ACPI: APIC 0x000000003FFF0240 000054 (v02 VBOX   VBOXAPIC 00000001 ASL  00000061)
[    0.000000] ACPI: SSDT 0x000000003FFF02A0 0001CC (v01 VBOX   VBOXCPUT 00000002 INTL 20180105)
[    0.000000] No NUMA configuration found
[    0.000000] Faking a node at [mem 0x0000000000000000-0x000000003ffeffff]
[    0.000000] NODE_DATA(0) allocated [mem 0x3ffc5000-0x3ffeffff]
[    0.000000] kvm-clock: cpu 0, msr 0:3ff44001, primary cpu clock
[    0.000000] kvm-clock: Using msrs 4b564d01 and 4b564d00
[    0.000000] kvm-clock: using sched offset of 3245414748 cycles
[    0.000000] clocksource: kvm-clock: mask: 0xffffffffffffffff max_cycles: 0x1cd42e4dffb, max_idle_ns: 881590591483 ns
[    0.000000] Zone ranges:
[    0.000000]   DMA      [mem 0x0000000000001000-0x0000000000ffffff]
[    0.000000]   DMA32    [mem 0x0000000001000000-0x000000003ffeffff]
[    0.000000]   Normal   empty
[    0.000000]   Device   empty
[    0.000000] Movable zone start for each node
[    0.000000] Early memory node ranges
[    0.000000]   node   0: [mem 0x0000000000001000-0x000000000009efff]
[    0.000000]   node   0: [mem 0x0000000000100000-0x000000003ffeffff]
[    0.000000] Reserved but unavailable: 98 pages
[    0.000000] Initmem setup node 0 [mem 0x0000000000001000-0x000000003ffeffff]
[    0.000000] ACPI: PM-Timer IO Port: 0x4008
[    0.000000] IOAPIC[0]: apic_id 1, version 32, address 0xfec00000, GSI 0-23
[    0.000000] ACPI: INT_SRC_OVR (bus 0 bus_irq 0 global_irq 2 dfl dfl)
[    0.000000] ACPI: INT_SRC_OVR (bus 0 bus_irq 9 global_irq 9 low level)
[    0.000000] Using ACPI (MADT) for SMP configuration information
[    0.000000] smpboot: Allowing 1 CPUs, 0 hotplug CPUs
[    0.000000] PM: Registered nosave memory: [mem 0x00000000-0x00000fff]
[    0.000000] PM: Registered nosave memory: [mem 0x0009f000-0x0009ffff]
[    0.000000] PM: Registered nosave memory: [mem 0x000a0000-0x000effff]
[    0.000000] PM: Registered nosave memory: [mem 0x000f0000-0x000fffff]
[    0.000000] e820: [mem 0x40000000-0xfebfffff] available for PCI devices
[    0.000000] Booting paravirtualized kernel on KVM
[    0.000000] clocksource: refined-jiffies: mask: 0xffffffff max_cycles: 0xffffffff, max_idle_ns: 7645519600211568 ns
[    0.000000] random: get_random_bytes called from start_kernel+0x99/0x500 with crng_init=0
[    0.000000] setup_percpu: NR_CPUS:8192 nr_cpumask_bits:1 nr_cpu_ids:1 nr_node_ids:1
[    0.000000] percpu: Embedded 45 pages/cpu s147456 r8192 d28672 u2097152
[    0.000000] PV qspinlock hash table entries: 256 (order: 0, 4096 bytes)
[    0.000000] Built 1 zonelists, mobility grouping on.  Total pages: 257913
[    0.000000] Policy zone: DMA32
[    0.000000] Kernel command line: BOOT_IMAGE=/boot/vmlinuz-4.15.0-124-generic root=LABEL=cloudimg-rootfs ro console=tty1 console=ttyS0
[    0.000000] Memory: 983212K/1048120K available (12300K kernel code, 2482K rwdata, 4272K rodata, 2436K init, 2724K bss, 64908K reserved, 0K cma-reserved)
[    0.000000] SLUB: HWalign=64, Order=0-3, MinObjects=0, CPUs=1, Nodes=1
[    0.000000] Kernel/User page tables isolation: enabled
[    0.000000] ftrace: allocating 39402 entries in 154 pages
[    0.004000] Hierarchical RCU implementation.
[    0.004000] 	RCU restricting CPUs from NR_CPUS=8192 to nr_cpu_ids=1.
[    0.004000] 	Tasks RCU enabled.
[    0.004000] RCU: Adjusting geometry for rcu_fanout_leaf=16, nr_cpu_ids=1
[    0.004000] NR_IRQS: 524544, nr_irqs: 256, preallocated irqs: 16
[    0.004000] Console: colour VGA+ 80x25
[    0.004000] console [tty1] enabled
[    0.004000] console [ttyS0] enabled
[    0.004000  CCPI  Core revssoo  20770811

[   000004000] ACPI: 2 ACPI MML aallss scceessfully acquired and loaded
[    0.004000] APIC: Switch to symmetric I/O mode setup
[    0.004000] x2apic enabled
[    0.004000] Switched APIC routing to physical x2apic.
[    0.004000] ..TIMER: vector=0x30 apic1=0 pin1=2 apic2=-1 pin2=-1
[    0.004000] tsc: Detected 3599.998 MHz processor
[    0.004017] Calibrating delay loop (skipped) preset value.. 7199.99 BogoMIPS (lpj=14399992)
[    0.008006] pid_max: default: 32768 minimum: 301
[    0.008616] Security Framework initialized
[    0.012002] Yama: becoming mindful.
[    0.012468] AppArmor: AppArmor initialized
[    0.016813] Dentry cache hash table entries: 131072 (order: 8, 1048576 bytes)
[    0.020064] Inode-cache hash table entries: 65536 (order: 7, 524288 bytes)
[    0.024026] Mount-cache hash table entries: 2048 (order: 2, 16384 bytes)
[    0.024948] Mountpoint-cache hash table entries: 2048 (order: 2, 16384 bytes)
[    0.028311] process: using mwait in idle threads
[    0.029112] Last level iTLB entries: 4KB 64, 2MB 8, 4MB 8
[    0.029978] Last level dTLB entries: 4KB 64, 2MB 0, 4MB 0, 1GB 4
[    0.030867] Spectre V1 : Mitigation: usercopy/swapgs barriers and __user pointer sanitization
[    0.032004] Spectre V2 : Mitigation: Full generic retpoline
[    0.032878] Spectre V2 : Spectre v2 / SpectreRSB mitigation: Filling RSB on context switch
[    0.036004] Speculative Store Bypass: Vulnerable
[    0.036574] SRBDS: Unknown: Dependent on hypervisor status
[    0.037164] MDS: Mitigation: Clear CPU buffers
[    0.049887] Freeing SMP alternatives memory: 36K
[    0.163788] smpboot: CPU0: Intel(R) Core(TM) i7-7700 CPU @ 3.60GHz (family: 0x6, model: 0x9e, stepping: 0x9)
[    0.164073] Performance Events: unsupported p6 CPU model 158 no PMU driver, software events only.
[    0.168033] Hierarchical SRCU implementation.
[    0.172605] NMI watchdog: Perf event create on CPU 0 failed with -2
[    0.176005] NMI watchdog: Perf NMI watchdog permanently disabled
[    0.176690] smp: Bringing up secondary CPUs ...
[    0.177228] smp: Brought up 1 node, 1 CPU
[    0.177676] smpboot: Max logical packages: 1
[    0.180002] smpboot: Total of 1 processors activated (7199.99 BogoMIPS)
[    0.184119] devtmpfs: initialized
[    0.184640] x86/mm: Memory block size: 128MB
[    0.188154] evm: security.selinux
[    0.188547] evm: security.SMACK64
[    0.192009] evm: security.SMACK64EXEC
[    0.196007] evm: security.SMACK64TRANSMUTE
[    0.200005] evm: security.SMACK64MMAP
[    0.204004] evm: security.apparmor
[    0.204407] evm: security.ima
[    0.204757] evm: security.capability
[    0.205313] clocksource: jiffies: mask: 0xffffffff max_cycles: 0xffffffff, max_idle_ns: 7645041785100000 ns
[    0.208008] futex hash table entries: 256 (order: 2, 16384 bytes)
[    0.208706] pinctrl core: initialized pinctrl subsystem
[    0.209377] RTC time: 19:01:11, date: 03/10/21
[    0.209968] NET: Registered protocol family 16
[    0.210531] audit: initializing netlink subsys (disabled)
[    0.211213] cpuidle: using governor ladder
[    0.212002] cpuidle: using governor menu
[    0.212511] ACPI: bus type PCI registered
[    0.213002] acpiphp: ACPI Hot Plug PCI Controller Driver version: 0.5
[    0.213771] PCI: Using configuration type 1 for base access
[    0.214406] audit: type=2000 audit(1615402873.993:1): state=initialized audit_enabled=0 res=1
[    0.216055] HugeTLB registered 2.00 MiB page size, pre-allocated 0 pages
[    0.217442] ACPI: Added _OSI(Module Device)
[    0.217941] ACPI: Added _OSI(Processor Device)
[    0.218436] ACPI: Added _OSI(3.0 _SCP Extensions)
[    0.218991] ACPI: Added _OSI(Processor Aggregator Device)
[    0.219583] ACPI: Added _OSI(Linux-Dell-Video)
[    0.220009] ACPI: Added _OSI(Linux-Lenovo-NV-HDMI-Audio)
[    0.220576] ACPI: Added _OSI(Linux-HPI-Hybrid-Graphics)
[    0.221354] ACPI: Executed 1 blocks of module-level executable AML code
[    0.224489] ACPI: Interpreter enabled
[    0.224942] ACPI: (supports S0 S5)
[    0.225338] ACPI: Using IOAPIC for interrupt routing
[    0.226022] PCI: Using host bridge windows from ACPI; if necessary, use "pci=nocrs" and report a bug
[    0.227140] ACPI: Enabled 2 GPEs in block 00 to 07
[    0.231635] ACPI: PCI Root Bridge [PCI0] (domain 0000 [bus 00-ff])
[    0.232005] acpi PNP0A03:00: _OSC: OS supports [ASPM ClockPM Segments MSI]
[    0.232826] acpi PNP0A03:00: _OSC: not requesting OS control; OS requires [ExtendedConfig ASPM ClockPM MSI]
[    0.233897] acpi PNP0A03:00: fail to add MMCONFIG information, can't access extended PCI configuration space under this bridge.
[    0.235350] PCI host bridge to bus 0000:00
[    0.236002] pci_bus 0000:00: root bus resource [io  0x0000-0x0cf7 window]
[    0.236722] pci_bus 0000:00: root bus resource [io  0x0d00-0xffff window]
[    0.237462] pci_bus 0000:00: root bus resource [mem 0x000a0000-0x000bffff window]
[    0.238278] pci_bus 0000:00: root bus resource [mem 0x40000000-0xfdffffff window]
[    0.239126] pci_bus 0000:00: root bus resource [bus 00-ff]
[    0.241079] pci 0000:00:01.1: legacy IDE quirk: reg 0x10: [io  0x01f0-0x01f7]
[    0.241875] pci 0000:00:01.1: legacy IDE quirk: reg 0x14: [io  0x03f6]
[    0.242559] pci 0000:00:01.1: legacy IDE quirk: reg 0x18: [io  0x0170-0x0177]
[    0.243863] pci 0000:00:01.1: legacy IDE quirk: reg 0x1c: [io  0x0376]
[    0.253036] pci 0000:00:07.0: quirk: [io  0x4000-0x403f] claimed by PIIX4 ACPI
[    0.253943] pci 0000:00:07.0: quirk: [io  0x4100-0x410f] claimed by PIIX4 SMB
[    0.259941] ACPI: PCI Interrupt Link [LNKA] (IRQs 5 9 10 *11)
[    0.260319] ACPI: PCI Interrupt Link [LNKB] (IRQs 5 9 *10 11)
[    0.268111] ACPI: PCI Interrupt Link [LNKC] (IRQs 5 *9 10 11)
[    0.272140] ACPI: PCI Interrupt Link [LNKD] (IRQs 5 9 10 *11)
[    0.276386] SCSI subsystem initialized
[    0.280136] pci 0000:00:02.0: vgaarb: setting as boot VGA device
[    0.284000] pci 0000:00:02.0: vgaarb: VGA device added: decodes=io+mem,owns=io+mem,locks=none
[    0.284005] pci 0000:00:02.0: vgaarb: bridge control possible
[    0.284612] vgaarb: loaded
[    0.285762] ACPI: bus type USB registered
[    0.288036] usbcore: registered new interface driver usbfs
[    0.292021] usbcore: registered new interface driver hub
[    0.296028] usbcore: registered new device driver usb
[    0.296688] EDAC MC: Ver: 3.0.0
[    0.300253] PCI: Using ACPI for IRQ routing
[    0.300983] NetLabel: Initializing
[    0.301393] NetLabel:  domain hash size = 128
[    0.304001] NetLabel:  protocols = UNLABELED CIPSOv4 CALIPSO
[    0.304620] NetLabel:  unlabeled traffic allowed by default
[    0.308152] clocksource: Switched to clocksource kvm-clock
[    0.344394] VFS: Disk quotas dquot_6.6.0
[    0.886699  FF::DDuuot-cache hash table entries: 512 (order 0, 4096 bytes)
[    0.587107] AppArmor: AppArmor Filesystem Enabled
[    0.606474] pnp: PnP ACPI init
[    0.607606] pnp: PnP ACPI: found 3 devices
[    0.613309] clocksource: acpi_pm: mask: 0xffffff max_cycles: 0xffffff, max_idle_ns: 2085701024 ns
[    0.617219] NET: Registered protocol family 2
[    0.617845] TCP established hash table entries: 8192 (order: 4, 65536 bytes)
[    0.623222] TCP bind hash table entries: 8192 (order: 5, 131072 bytes)
[    0.623953] TCP: Hash tables configured (established 8192 bind 8192)
[    0.624719] UDP hash table entries: 512 (order: 2, 16384 bytes)
[    0.625341] UDP-Lite hash table entries: 512 (order: 2, 16384 bytes)
[    0.626020] NET: Registered protocol family 1
[    0.626563] pci 0000:00:00.0: Limiting direct PCI/PCI transfers
[    0.627234] pci 0000:00:01.0: Activating ISA DMA hang workarounds
[    0.627962] pci 0000:00:02.0: Video device with shadowed ROM at [mem 0x000c0000-0x000dffff]
[   00668844]]UUppccking initramfs...
[   11008811]]FFeeiing initrd memory: 19216K
[   11.166660] clocksource: tsc: mask: 0xffffffffffffffff max_cycles: 0x33e451ab1a6, max_idle_ns: 440795278720 ns
[    1.292120] platform rtc_cmos: registered platform RTC device (no PNP device found)
[    1.293022] Scanning for low memory corruption every 60 seconds
[    1.294139] Initialise system trusted keyrings
[    1.294692] Key type blacklist registered
[    1.295180] workingset: timestamp_bits=36 max_order=18 bucket_order=0
[    1.297110] zbud: loaded
[    1.297829] squashfs: version 4.0 (2009/01/31) Phillip Lougher
[    1.298640] fuse init (API version 7.26)
[    1.299575] Key type asymmetric registered
[    1.300086] Asymmetric key parser 'x509' registered
[    1.300665] Block layer SCSI generic (bsg) driver version 0.4 loaded (major 246)
[    1.301491] io scheduler noop registered
[    1.301939] io scheduler deadline registered
[    1.302451] io scheduler cfq registered (default)
[    1.303142] ACPI: AC Adapter [AC] (on-line)
[    1.303665] input: Power Button as /devices/LNXSYSTM:00/LNXPWRBN:00/input/input0
[    1.304528] ACPI: Power Button [PWRF]
[    1.304995] input: Sleep Button as /devices/LNXSYSTM:00/LNXSLPBN:00/input/input1
[    1.305871] ACPI: Sleep Button [SLPF]
[    1.306489] Serial: 8250/16550 driver, 32 ports, IRQ sharing enabled
[   11338877]]00::22  ttSS  ttII/O 0x3f8 (irq = 4, base_baud = 115200) is a 16550A
[    1.607915] Linux agpgart interface v0.103
[    1.667440] loop: module loaded
[    1.668169] scsi host0: ata_piix
[    1.668650] scsi host1: ata_piix
[    1.669072] ata1: PATA max UDMA/33 cmd 0x1f0 ctl 0x3f6 bmdma 0xd000 irq 14
[    1.669806] ata2: PATA max UDMA/33 cmd 0x170 ctl 0x376 bmdma 0xd008 irq 15
[    1.670788] libphy: Fixed MDIO Bus: probed
[    1.671256] tun: Universal TUN/TAP device driver, 1.6
[    1.671873] PPP generic driver version 2.4.2
[    1.672397] ehci_hcd: USB 2.0 'Enhanced' Host Controller (EHCI) Driver
[    1.673081] ehci-pci: EHCI PCI platform driver
[    1.673599] ehci-platform: EHCI generic platform driver
[    1.674202] ohci_hcd: USB 1.1 'Open' Host Controller (OHCI) Driver
[    1.674918] ohci-pci: OHCI PCI platform driver
[    1.675443] ohci-platform: OHCI generic platform driver
[    1.676057] uhci_hcd: USB Universal Host Controller Interface driver
[    1.676933] i8042: PNP: PS/2 Controller [PNP0303:PS2K,PNP0f03:PS2M] at 0x60,0x64 irq 1,12
[    1.687429] seri:: i8042 KBD port at 0x60,0x64 irq 1
[    1.746756] serio: i8042 AUX port at 0x60,0x64 irq 12
[    1.747571] mousedev: PS/2 mouse device common for all mice
[    1.748455] input: AT Translated Set 2 keyboard as /devices/platform/i8042/serio0/input/input2
[    1.749987] rtc_cmos rtc_cmos: rtc core: registered rtc_cmos as rtc0
[    1.753576] rtc_cmos rtc_cmos: llrrms up to one day, 114 bytes nvram
[    1.796776] i2c /dev entries driver
[    1.797286] device-mapper: uevent: version 1.0.3
[    1.806948] device-mapper: ioctl: 4.37.0-ioctl (2017-09-20) initaalieed:dd--eeee@@eehhtt.cmm

[   22009539]]llddrrig-cpu: registered to indicate activity on CPUs
[   22221111]]iittll_pmc_core:  initialized
[    2.456832] NET: Registered protocol family 10
[    2.463830] Segment Routing with IPv6
[    2.464322] NET: Registered protocol family 17
[    2.464834] Key type dns_resolver registered
[    ..477788  cc::UUiing00MMCE banks
[    2.706552] RAS: Correctable Errors collector initialized.
[    2.727009] sched_clock: Marking stable (2726973972, 0)->(5460198615, -2733224643)
[    2.728191] registered taskstats version 1
[    2.728857] Loading compiled-in X.509 certificates
[    2.730940] Loaded X.509 cert 'Build time autogenerated kernel key: be62403dcace2d46f96dafa9f42421c610ef3c2a'
[    2.732351] zswap: loaded using pool lzo/zbud
[    2.734860] Key type big_key registered
[    2.735466] Key type trusted registered
[    2.737189] Key type encrypted registered
[    2.737788] AppArmor: AppArmor sha1 policy hashing enabled
[    2.738555] ima: No TPM chip found, activating TPM-bypass! (rc=-19)
[    2.739459] ima: Allocated hash algorithm: sha1
[    2.740092] evm: HMAC attrs: 0x1
[   22770099]]  MMagccnnmmee:: 1::00::00
[    3.106689] bdi 7:5: hash matchss

[   33.155772]rrccccoo  tt__mmos  eetting system clock to 2021-03-10 19:01:15 UTC (1615402875)
[   33447700]]BBIO  DD  faiiiiyy v0.16 2004-Jun-25, 0 devices found
[    3.746887] EDD information not available.
[    3.765968] Freeing unused kernel image memory: 2436K
[    3.776049] Write protecting the kernel read-only data: 20480k
[    3.777218] Freeing unused kernel image memory: 2008K
[    3.782582] Freeing unused kernel image memory: 1872K
[    3.791389] x86/mm: Checked W+X mappings: passed, no W+X pages found.
[    3.792329] x86/mm: Checking user space page tables
[    3.797994] x86/mm: Checked W+X mappings: passed, no W+X pages found.
Loading, please wait...
starting version 237
[    3.875447] e1000: Intel(R) PRO/1000 Network Driver - version 7.3.21-k8-NAPI
[    3.887025] e1000: Copyright (c) 1999-2006 Intel Corporation.
[    3.914867] Fusion MPT base driver 3.04.20
[    4.146524] Copyright (c) 1999-2008 LSI Corporation
[    4.205138] AVX2 version of gcm_enc/dec engaged.
[    4.226788] AES CTR mode by8 optimization enabled
[    4.332316] Fusion MPT SPI Host driver 3.04.20
[    4.447882] input: ImExPS/2 Generic Explorer Mouse as /devices/platform/i8042/serio1/input/input4
[    4.771147] e1000 0000:00:03.0 eth0: (PCI:33MHz:32-bit) 02:60:71:1d:34:36
[    4.808389] e1000 0000:00:03.0 eth0: Intel(R) PRO/1000 Network Connection
[    4.811150] mptbase: ioc0: Initiating bringup
[    4.904345] ioc0: LSI53C1030 A0: Capabilities={Initiator}
[    5.180293] scsi host2: ioc0: LSI53C1030 A0, FwRev=00000000h, Ports=1, MaxQ=256, IRQ=20
[    5.376878] scsi 2:0:0:0: Direct-Access     VBOX     HARDDISK         1.0  PQ: 0 ANSI: 5
[    5.387691] scsi target2:0:0: Beginning Domain Validation
[    5.437648] random: fast init done
[    5.438106] scsi target2:0:0: Domain Validation skipping write tests
[    5.438809] scsi target2:0:0: Ending Domain Validation
[    5.439405] scsi target2:0:0: asynchronous
[    5.440171] scsi 2:0:1:0: Direct-Access     VBOX     HARDDISK         1.0  PQ: 0 ANSI: 5
[    5.441048] scsi target2:0:1: Beginning Domain Validation
[    5.508581] scsi target2:0:1: Domain Validation skipping write tests
[    5.517162] scsi target2:0:1: Ending Domain Validation
[    5.525722] scsi target2:0:1: asynchronous
[    5.730262] sd 2:0:0:0: [sda] 20971520 512-byte logical blocks: (10.7 GB/10.0 GiB)
[    5.786630] sd 2:0:0:0: Attached scsi generic sg0 type 0
[    5.787634] sd 2:0:1:0: [sdb] 20480 512-byte logical blocks: (10.5 MB/10.0 MiB)
[    5.788756] sd 2:0:1:0: Attached scsi generic sg1 type 0
[    5.796924] sd 2:0:1:0: [sdb] Write Protect is off
[    5.797631] sd 2:0:1:0: [sdb] Incomplete mode parameter data
[    5.798259] sd 2:0:1:0: [sdb] Assuming drive cache: write through
[    5.798970] random: systemd-udevd: uninitialized urandom read (16 bytes read)
[    5.799846] random: systemd-udevd: uninitialized urandom read (16 bytes read)
[    5.800652] random: systemd-udevd: uninitialized urandom read (16 bytes read)
[    5.810431] sd 2:0:1:0: [sdb] Attached SCSI disk
[    5.885759] sd 2:0:0:0: [sda] Write Protect is off
[    5.890541] sd 2:0:0:0: [sda] Incomplete mode parameter data
[    5.891744] sd 2:0:0:0: [sda] Assuming drive cache: write through
[    5.897819]  sda: sda1
[    5.902256] sd 2:0:0:0: [sda] Attached SCSI disk
[    5.943312] e1000 0000:00:08.0 eth1: (PCI:33MHz:32-bit) 08:00:27:ef:a9:9e
[    5.966995] e1000 0000:00:08.0 eth1: Intel(R) PRO/1000 Network Connection
[    5.987975] e1000 0000:00:08.0 enp0s8: renamed from eth1
[    6.097443] e1000 0000:00:03.0 enp0s3: renamed from eth0
Begin: Loading e[    7.546259] raid6: sse2x1   gen() 15243 MB/s
ssential drivers[    7.616261] raid6: sse2x1   xor() 10275 MB/s
 ... [    7.726271] raid6: sse2x2   gen() 17999 MB/s
[    7.786293] raid6: sse2x2   xor() 12940 MB/s
[    7.846273] raid6: sse2x4   gen() 21782 MB/s
[    7.966242] raid6: sse2x4   xor() 14277 MB/s
[    8.116261] raid6: avx2x1   gen() 30771 MB/s
[    8.206248] raid6: avx2x1   xor() 21745 MB/s
[    8.426261] raid6: avx2x2   gen() 36492 MB/s
[    8.486252] raid6: avx2x2   xor() 24149 MB/s
[    8.576215] raid6: avx2x4   gen() 39890 MB/s
[    8.746251] raid6: avx2x4   xor() 26698 MB/s
[    8.746979] raid6: using algorithm avx2x4 gen() 39890 MB/s
[    8.747779] raid6: .... xor() 26698 MB/s, rmw enabled
[    8.748539] raid6: using avx2x2 recovery algorithm
[    8.751225] xor: automatically using best checksumming function   avx       
[    8.754056] async_tx: api initialized (async)
done.[    8.794200] Btrfs loaded, crc32c=crc32c-intel

Begin: Running /scripts/init-premount ... done.
Begin: Mounting root file system ... Begin: Running /scripts/[    8.818230] EXT4-fs (sda1): mounted filesystem with ordered data mode. Opts: (null)
local-top ... done.
Begin: Running /scripts/local-premount ... Scanning for Btrfs filesystems
done.
Warning: fsck not present, so skipping root file system
done.
Begin: Running /scripts/local-bottom ... done.
Begin: Running /scripts/init-bottom ... done.
[    9.077082] ip_tables: (C) 2000-2006 Netfilter Core Team
[    9.143567] systemd[1]: systemd 237 running in system mode. (+PAM +AUDIT +SELINUX +IMA +APPARMOR +SMACK +SYSVINIT +UTMP +LIBCRYPTSETUP +GCRYPT +GNUTLS +ACL +XZ +LZ4 +SECCOMP +BLKID +ELFUTILS +KMOD -IDN2 +IDN -PCRE2 default-hierarchy=hybrid)
[    9.145872] systemd[1]: Detected virtualization oracle.
[    9.157193] systemd[1]: Detected architecture x86-64.

Welcome to [1mUbuntu 18.04.5 LTS[0m!

[    9.180535] systemd[1]: Set hostname to <ubuntu>.
[    9.250678] systemd[1]: Initializing machine ID from random generator.
[    9.267287] systemd[1]: Installed transient /etc/machine-id file.
[    9.499201] systemd[1]: Reached target Swap.
[[0;32m  OK  [0m] Reached target Swap.
[    9.847245] systemd[1]: Reached target User and Group Name Lookups.
[[0;32m  OK  [0m] Reached target User and Group Name Lookups.
[    9.849199] systemd[1]: Created slice System Slice.
[[0;32m  OK  [0m] Created slice System Slice.
[    9.850516] systemd[1]: Listening on udev Kernel Socket.
[[0;32m  OK  [0m] Listening on udev Kernel Socket.
[[0;32m  OK  [0m] Listening on Device-mapper event daemon FIFOs.
[[0;32m  OK  [0m] Listening on Syslog Socket.
[[0;32m  OK  [0m] Listening on Network Service Netlink Socket.
[[0;32m  OK  [0m] Listening on LVM2 metadata daemon socket.
[[0;32m  OK  [0m] Listening on udev Control Socket.
[[0;32m  OK  [0m] Listening on LVM2 poll daemon socket.
[[0;32m  OK  [0m] Listening on Journal Socket (/dev/log).
[[0;32m  OK  [0m] Listening on /dev/initctl Compatibility Named Pipe.
[[0;32m  OK  [0m] Listening on Journal Audit Socket.
[[0;32m  OK  [0m] Created slice User and Session Slice.
[[0;32m  OK  [0m] Reached target Slices.
[[0;32m  OK  [0m] Listening on Journal Socket.
         Starting Journal Service...
         Mounting Kernel Debug File System...
         Mounting POSIX Message Queue File System...
         Starting Set the console keyboard layout...
         Starting Monitoring of LVM2 mirrors…ng dmeventd or progress polling...
         Mounting Huge Pages File System...
         Starting Load Kernel Modules...[    9.988541] Loading iSCSI transport class v2.0-870.

         Starting udev Coldplug all Devices...
         Starting Remount Root and Kernel File Systems...
         Starting Create list of required st…ce nodes for the current kernel...
         Starting Uncomplicated firewall...
[[0;32m  OK  [0m] Set up automo[   10.243185] iscsi: registered transport (tcp)
unt Arbitrary Ex[   10.746795] EXT4-fs (sda1): re-mounted. Opts: (null)
ecutab…rmats File System Automount Point.
[[0;32m  OK  [0m] Started Forward Password Requests to Wall Directory Watch.
[[0;32m  OK  [0m] Reached target S[   10.880818] iscsi: registered transport (iser)
ystem Time Synchronized.
[[0;32m  OK  [0m] Created slice system-serial\x2dgetty.slice.
[[0;32m  OK  [0m] Started Journal Service.
[   11.182957] random: crng init done
[   11.184704] random: 7 urandom warning(s) missed due to ratelimiting
[[0;32m  OK  [0m] Mounted Kernel Debug File System.
[[0;32m  OK  [0m] Mounted POSIX Message Queue File System.
[[0;32m  OK  [0m] Mounted Huge Pages File System.
[[0;32m  OK  [0m] Started Load Kernel Modules.
[[0;32m  OK  [0m] Started Remount Root and Kernel File Systems.
[[0;32m  OK  [0m] Started Create list of required sta…vice nodes for the current kernel.
[[0;32m  OK  [0m] Started Uncomplicated firewall.
[[0;32m  OK  [0m] Started udev Coldplug all Devices.
[[0;32m  OK  [0m] Started LVM2 metadata daemon.
         Starting Create Static Device Nodes in /dev...
         Starting Load/Save Random Seed...
         Starting Apply Kernel Variables...
         Mounting Kernel Configuration File System...
         Mounting FUSE Control File System...
         Starting Flush Journal to Persistent Storage...
[[0;32m  OK  [0m] Started Monitoring of LVM2 mirrors,…sing dmeventd or progress polling.
[[0;32m  OK  [0m] Started Create Static Device Nodes in /dev.
[[0;32m  OK  [0m] Started Load/Save Random Seed.
[[0;32m  OK  [0m] Started Set the console keyboard layout.
[[0;32m  OK  [0m] Started Apply Kernel Variables.
[[0;32m  OK  [0m] Mounted Kernel Configuration File System.
[[0;32m  OK  [0m] Mounted FUSE Control File System.
         Starting udev Kernel Device Manager...
[[0;32m  OK  [0m] Reached target Local File Systems (Pre).
[[0;32m  OK  [0m] Reached target Local File Systems.
         Starting Commit a transient machine-id on disk...
         Starting Set console font and keymap...
         Starting Tell Plymouth To Write Out Runtime Data...
         Starting ebtables ruleset management...
         Starting AppArmor initialization...
[[0;32m  OK  [0m] Started udev Kernel Device Manager.
[[0;32m  OK  [0m] Started Flush Journal to Persistent Storage.
[[0;32m  OK  [0m] Started Commit a transient machine-id on disk.
[[0;32m  OK  [0m] Started Set console font and keymap.
[[0;32m  OK  [0m] Started Tell Plymouth To Write Out Runtime Data.
[[0;32m  OK  [0m] Found device /dev/ttyS0.
[[0;32m  OK  [0m] Listening on Load/Save RF Kill Switch Status /dev/rfkill Watch.
         Starting Create Volatile Files and Directories...
[[0;32m  OK  [0m] Started Dispatch Password Requests to Console Directory Watch.
[[0;32m  OK  [0m] Reached target Local Encrypted Volumes.
[[0;32m  OK  [0m] Started ebtables ruleset management.
[[0;32m  OK  [0m] Started Create Volatile Files and Directories.
         Starting Update UTMP about System Boot/Shutdown...
[[0;32m  OK  [0m] Started Update UTMP about System Boot/Shutdown.
[[0;32m  OK  [0m] Started AppArmor initialization.
         Starting Load AppArmor profiles managed internally by snapd...
         Starting Initial cloud-init job (pre-networking)...
[[0;32m  OK  [0m] Started Load AppArmor profiles managed internally by snapd.
[   14.092867] cloud-init[621]: Cloud-init v. 20.3-2-g371b392c-0ubuntu1~18.04.1 running 'init-local' at Wed, 10 Mar 2021 19:01:26 +0000. Up 13.85 seconds.
[[0;32m  OK  [0m] Started Initial cloud-init job (pre-networking).
[[0;32m  OK  [0m] Reached target Network (Pre).
         Starting Network Service...
[[0;32m  OK  [0m] Started Network Service.
         Starting Wait for Network to be Configured...
         Starting Network Name Resolution...
[[0;32m  OK  [0m] Started Network Name Resolution.
[[0;32m  OK  [0m] Reached target Host and Network Name Lookups.
[[0;32m  OK  [0m] Reached target Network.
[[0;32m  OK  [0m] Started Wait for Network to be Configured.
         Starting Initial cloud-init job (metadata service crawler)...
[   15.758569] cloud-init[722]: Cloud-init v. 20.3-2-g371b392c-0ubuntu1~18.04.1 running 'init' at Wed, 10 Mar 2021 19:01:27 +0000. Up 15.66 seconds.
[   15.789134] cloud-init[722]: ci-info: ++++++++++++++++++++++++++++++++++++++Net device info+++++++++++++++++++++++++++++++++++++++
[   15.790374] cloud-init[722]: ci-info: +--------+-------+----------------------------+---------------+--------+-------------------+
[   15.791677] cloud-init[722]: ci-info: | Device |   Up  |          Address           |      Mask     | Scope  |     Hw-Address    |
[   15.793906] cloud-init[722]: ci-info: +--------+-------+----------------------------+---------------+--------+-------------------+
[   15.796271] cloud-init[722]: ci-info: | enp0s3 |  True |         10.0.2.15          | 255.255.255.0 | global | 02:60:71:1d:34:36 |
[   15.798401] cloud-init[722]: ci-info: | enp0s3 |  True | fe80::60:71ff:fe1d:3436/64 |       .       |  link  | 02:60:71:1d:34:36 |
[   15.800047] cloud-init[722]: ci-info: | enp0s8 | False |             .              |       .       |   .    | 08:00:27:ef:a9:9e |
[   15.801584] cloud-init[722]: ci-info: |   lo   |  True |         127.0.0.1          |   255.0.0.0   |  host  |         .         |
[   15.802944] cloud-init[722]: ci-info: |   lo   |  True |          ::1/128           |       .       |  host  |         .         |
[   15.854391] cloud-init[722]: ci-info: +--------+-------+----------------------------+---------------+--------+-------------------+
[   15.900198] cloud-init[722]: ci-info: ++++++++++++++++++++++++++++Route IPv4 info+++++++++++++++++++++++++++++
[   15.913820] cloud-init[722]: ci-info: +-------+-------------+----------+-----------------+-----------+-------+
[   15.915233] cloud-init[722]: ci-info: | Route | Destination | Gateway  |     Genmask     | Interface | Flags |
[   15.916745] cloud-init[722]: ci-info: +-------+-------------+----------+-----------------+-----------+-------+
[   15.918225] cloud-init[722]: ci-info: |   0   |   0.0.0.0   | 10.0.2.2 |     0.0.0.0     |   enp0s3  |   UG  |
[   15.919701] cloud-init[722]: ci-info: |   1   |   10.0.2.0  | 0.0.0.0  |  255.255.255.0  |   enp0s3  |   U   |
[   15.921200] cloud-init[722]: ci-info: |   2   |   10.0.2.2  | 0.0.0.0  | 255.255.255.255 |   enp0s3  |   UH  |
[   15.922686] cloud-init[722]: ci-info: +-------+-------------+----------+-----------------+-----------+-------+
[   15.930534] cloud-init[722]: ci-info: +++++++++++++++++++Route IPv6 info+++++++++++++++++++
[   15.932863] cloud-init[722]: ci-info: +-------+-------------+---------+-----------+-------+
[   15.938469] cloud-init[722]: ci-info: | Route | Destination | Gateway | Interface | Flags |
[   15.939827] cloud-init[722]: ci-info: +-------+-------------+---------+-----------+-------+
[   15.941258] cloud-init[722]: ci-info: |   1   |  fe80::/64  |    ::   |   enp0s3  |   U   |
[   15.955621] cloud-init[722]: ci-info: |   3   |    local    |    ::   |   enp0s3  |   U   |
[   15.957009] cloud-init[722]: ci-info: |   4   |   ff00::/8  |    ::   |   enp0s3  |   U   |
[   15.958352] cloud-init[722]: ci-info: +-------+-------------+---------+-----------+-------+
[   16.359488] cloud-init[722]: Generating public/private rsa key pair.
[[0;32m  OK  [0m[   16.408242] cloud-init[722]: Your identification has been saved in /etc/ssh/ssh_host_rsa_key.
[   16.408293] cloud-init[722]: Your public key has been saved in /etc/ssh/ssh_host_rsa_key.pub.
[   16.408322] cloud-init[722]: The key fingerprint is:
[   16.408348] cloud-init[722]: SHA256:RNelxS+HcSraZj1oxMRQZSCg9rvRB2+KFOG+N7T2xBw root@ubuntu-bionic
[   16.408372] cloud-init[722]: The key's randomart image is:
[   16.408403] cloud-init[722]: +---[RSA 2048]----+
[   16.408465] cloud-init[722]: |        o.+=o==  |
[   16.408525] cloud-init[722]: |       o . .++o .|
[   16.408549] cloud-init[722]: |      o o  o.  * |
[   16.408575] cloud-init[722]: |     . + .  + + o|
[   16.408600] cloud-init[722]: |        S .+E+ o |
[   16.408628] cloud-init[722]: |       . +o=*.o  |
[   16.408654] cloud-init[722]: |        =..=B  . |
[   16.408680] cloud-init[722]: |       . ===     |
[   16.408710] cloud-init[722]: |        +o.o.    |
[   16.408734] cloud-init[722]: +----[SHA256]-----+
[   16.408757] cloud-init[722]: Generating public/private dsa key pair.
[   16.408782] cloud-init[722]: Your identification has been saved in /etc/ssh/ssh_host_dsa_key.
[   16.408807] cloud-init[722]: Your public key has been saved in /etc/ssh/ssh_host_dsa_key.pub.
[   16.408830] cloud-init[722]: The key fingerprint is:
[   16.408853] cloud-init[722]: SHA256:1jyM1RKdUAPJx7TZck4qzZi3LAz0Ik9ri+KC1EYpaGk root@ubuntu-bionic
[   16.408879] cloud-init[722]: The key's randomart image is:
[   16.408906] cloud-init[722]: +---[DSA 1024]----+
[   16.408932] cloud-init[722]: |         .+O+.   |
[   16.408958] cloud-init[722]: |          oo==   |
[   16.408983] cloud-init[722]: |. . .   . o.= +  |
[   16.409007] cloud-init[722]: |.E o   . B * *   |
[   16.409031] cloud-init[722]: |o +   . S X = .  |
[   16.409055] cloud-init[722]: | . o   = = = .   |
[   16.409078] cloud-init[722]: |...     + o o    |
[   16.409105] cloud-init[722]: |. . .  o . .     |
[   16.409129] cloud-init[722]: |   o... .        |
[   16.409154] cloud-init[722]: +----[SHA256]-----+
[   16.409178] cloud-init[722]: Generating public/private ecdsa key pair.
[   16.409203] cloud-init[722]: Your identification has been saved in /etc/ssh/ssh_host_ecdsa_key.
[   16.409231] cloud-init[722]: Your public key has been saved in /etc/ssh/ssh_host_ecdsa_key.pub.
[   16.409255] cloud-init[722]: The key fingerprint is:
[   16.409279] cloud-init[722]: SHA256:8f8URuLLhs0PUyfzRp6wfz3JDB8LMHNYSKKeEG1nd80 root@ubuntu-bionic
[   16.409305] cloud-init[722]: The key's randomart image is:
[   16.409331] cloud-init[722]: +---[ECDSA 256]---+
[   16.409355] cloud-init[722]: |     ..  .... o  |
[   16.409378] cloud-init[722]: |      .o.o.o o E |
[   16.409401] cloud-init[722]: |     ...+ . = .  |
[   16.409425] cloud-init[722]: |      o .o * +   |
[   16.409450] cloud-init[722]: |       oS . *.* o|
[   16.409476] cloud-init[722]: |           * *oX.|
[   16.409502] cloud-init[722]: |          . X.B.O|
[   16.409527] cloud-init[722]: |           . *.Oo|
[   16.409554] cloud-init[722]: |              o.o|
[   16.409580] cloud-init[722]: +----[SHA256]-----+
[   16.409603] cloud-init[722]: Generating public/private ed25519 key pair.
[   16.409628] cloud-init[722]: Your identification has been saved in /etc/ssh/ssh_host_ed25519_key.
[   16.409655] cloud-init[722]: Your public key has been saved in /etc/ssh/ssh_host_ed25519_key.pub.
[   16.409700] cloud-init[722]: The key fingerprint is:
[   16.409741] cloud-init[722]: SHA256:tWlayFEvAdFnNlMX3TRRSorOgg2X1EwGWVt4FjaNQv8 root@ubuntu-bionic
[   16.409767] cloud-init[722]: The key's randomart image is:
[   16.409794] cloud-init[722]: +--[ED25519 256]--+
[   16.409820] cloud-init[722]: |        =%B.==o=X|
[   16.409866] cloud-init[722]: |       ..+*OX+.o+|
[   16.409914] cloud-init[722]: |      . + =B+o.  |
[   16.409971] cloud-init[722]: |       * * + .   |
[   16.410014] cloud-init[722]: |      . S B   E  |
[   16.410055] cloud-init[722]: |         =       |
[   16.410080] cloud-init[722]: |        .        |
[   16.410108] ] Started Initial cloud-init job (metadata service crawler).
[[0;32m  OK  [0m] Reached target System Initialization.
[[0;32m  OK  [0m] Started Daily apt download activities.
[[0;32m  OK  [0m] Started Daily Cleanup of Temporary Directories.
[[0;32m  OK  [0m] Listening on D-Bus System Message Bus Socket.
[cloud-init[722]: |                 |
[   16.484978] cloud-init[722]: |                 |
[   16.485799] cloud-init[722]: +----[SHA256]-----+
[0;32m  OK  [0m] Started Discard unused blocks once a week.
         Starting Socket activation for snappy daemon.
[[0;32m  OK  [0m] Started Message of the Day.
[[0;32m  OK  [0m] Listening on Open-iSCSI iscsid Socket.
[[0;32m  OK  [0m] Started ACPI Events Check.
[[0;32m  OK  [0m] Reached target Paths.
[[0;32m  OK  [0m] Listening on UUID daemon activation socket.
[[0;32m  OK  [0m] Started Daily apt upgrade and clean activities.
[[0;32m  OK  [0m] Reached target Timers.
[[0;32m  OK  [0m] Listening on ACPID Listen Socket.
         Starting LXD - unix socket.
[[0;32m  OK  [0m] Reached target Network is Online.
         Starting Availability of block devices...
[[0;32m  OK  [0m] Reached target Remote File Systems (Pre).
[[0;32m  OK  [0m] Reached target Remote File Systems.
[[0;32m  OK  [0m] Reached target Cloud-config availability.
[[0;32m  OK  [0m] Listening on Socket activation for snappy daemon.
[[0;32m  OK  [0m] Listening on LXD - unix socket.
[[0;32m  OK  [0m] Started Availability of block devices.
[[0;32m  OK  [0m] Reached target Sockets.
[[0;32m  OK  [0m] Reached target Basic System.
         Starting LSB: automatic crash report generation...
         Starting Login Service...
[[0;32m  OK  [0m] Started Deferred execution scheduler.
         Starting LSB: Record successful boot for GRUB...
[[0;32m  OK  [0m] Started irqbalance daemon.
         Starting System Logging Service...
[[0;32m  OK  [0m] Started Regular background program processing daemon.
         Starting LXD - container startup/shutdown...
         Starting Virtualbox guest utils...
         Starting Dispatcher daemon for systemd-networkd...
         Starting Permit User Sessions...
[[0;32m  OK  [0m] Started D-Bus System Message Bus.
[[0;32m  OK  [0m] Started Login Service.
[[0;32m  OK  [0m] Started Unattended Upgrades Shutdown.
         Starting Pollinate to seed the pseudo random number generator...
[[0;32m  OK  [0m] Started FUSE filesystem for LXC.
         Starting Accounts Service...
         Starting Snap Daemon...
[[0;32m  OK  [0m] Started System Logging Service.
[[0;32m  OK  [0m] Started Dispatcher daemon for systemd-networkd.
[[0;32m  OK  [0m] Started LXD - container startup/shutdown.
[[0;32m  OK  [0m] Started Permit User Sessions.
         Starting Authorization Manager...
         Starting Terminate Plymouth Boot Screen...
         Starting Hold until boot process finishes up...
[[0;32m  OK  [0m] Started Hold until boot process finishes up.
[[0;32m  OK  [0m] Started Serial Getty on ttyS0.
         Starting Set console scheme...
[[0;32m  OK  [0m] Started Terminate Plymouth Boot Screen.
[[0;32m  OK  [0m] Started Authorization Manager.
[[0;32m  OK  [0m] Started Set console scheme.
[[0;32m  OK  [0m] Started Accounts Service.
[[0;32m  OK  [0m] Created slice system-getty.slice.
[[0;32m  OK  [0m] Started Getty on tty1.
[[0;32m  OK  [0m] Reached target Login Prompts.
[[0;32m  OK  [0m] Started LSB: automatic crash report generation.
[[0;32m  OK  [0m] Started LSB: Record successful boot for GRUB.
[[0;32m  OK  [0m] Started Virtualbox guest utils.
[[0;32m  OK  [0m] Started Snap Daemon.
         Starting Wait until snapd is fully seeded...
[[0;32m  OK  [0m] Started Pollinate to seed the pseudo random number generator.
         Starting OpenBSD Secure Shell server...
[[0;32m  OK  [0m] Started OpenBSD Secure Shell server.

Ubuntu 18.04.5 LTS ubuntu-bionic ttyS0

ubuntu-bionic login: [   25.539218] cloud-init[1222]: Cloud-init v. 20.3-2-g371b392c-0ubuntu1~18.04.1 running 'modules:config' at Wed, 10 Mar 2021 19:01:37 +0000. Up 25.26 seconds.
ci-info: no authorized SSH keys fingerprints found for user ubuntu.
<14>Mar 10 19:01:38 ec2: 
<14>Mar 10 19:01:38 ec2: #############################################################
<14>Mar 10 19:01:38 ec2: -----BEGIN SSH HOST KEY FINGERPRINTS-----
<14>Mar 10 19:01:38 ec2: 1024 SHA256:1jyM1RKdUAPJx7TZck4qzZi3LAz0Ik9ri+KC1EYpaGk root@ubuntu-bionic (DSA)
<14>Mar 10 19:01:38 ec2: 256 SHA256:8f8URuLLhs0PUyfzRp6wfz3JDB8LMHNYSKKeEG1nd80 root@ubuntu-bionic (ECDSA)
<14>Mar 10 19:01:38 ec2: 256 SHA256:tWlayFEvAdFnNlMX3TRRSorOgg2X1EwGWVt4FjaNQv8 root@ubuntu-bionic (ED25519)
<14>Mar 10 19:01:38 ec2: 2048 SHA256:RNelxS+HcSraZj1oxMRQZSCg9rvRB2+KFOG+N7T2xBw root@ubuntu-bionic (RSA)
<14>Mar 10 19:01:38 ec2: -----END SSH HOST KEY FINGERPRINTS-----
<14>Mar 10 19:01:38 ec2: #############################################################
-----BEGIN SSH HOST KEY KEYS-----
ecdsa-sha2-nistp256 AAAAE2VjZHNhLXNoYTItbmlzdHAyNTYAAAAIbmlzdHAyNTYAAABBBPNx2kbMNOvB3iwqSim9a18HfSM9BBeLREXhsXmPVWeEl7/gJUavOTpz7bbLVEwTCUNocI4V2JmFN5EXrMlsfkE= root@ubuntu-bionic
ssh-ed25519 AAAAC3NzaC1lZDI1NTE5AAAAIPRsOEcwhBBE4PgEDgmSSGTJNm+gQkFGU3yXfZUKdf63 root@ubuntu-bionic
ssh-rsa AAAAB3NzaC1yc2EAAAADAQABAAABAQDDZ8kk92glI+VRxl5HvoDZCuzKLdVyqOBUjtEHaRCyxznZcW5IBM7TpGcXfaZbKizobeH13d0g/kfOcFFUkuONL66UCtSP9x6YH0EhnT/LzLLcrj2OJ8H4Tl8iO2mg0GKEi8yitNwfqiPmtpFXssjkI724X7dQgiUPjMSvKuTTj52f9dvCoiNk3WUJDwwY6pYO3KIVu+sjJVxQe5rWJQL/zcqR8wJ5S8ynRT/CyWFIfg1bVxyXuI22XDZzhTXJh7Bz2m1YNMg5fJAlUFwRd8yP21g02GOIRZz3eaLtiUqSTEhkMvUI2O/02dQkckGIPIlrz4ygfAW97OB/1VGZsLrz root@ubuntu-bionic
-----END SSH HOST KEY KEYS-----
[   25.936547] cloud-init[1274]: Cloud-init v. 20.3-2-g371b392c-0ubuntu1~18.04.1 running 'modules:final' at Wed, 10 Mar 2021 19:01:38 +0000. Up 25.84 seconds.
[   25.936612] cloud-init[1274]: ci-info: no authorized SSH keys fingerprints found for user ubuntu.
[   25.936641] cloud-init[1274]: Cloud-init v. 20.3-2-g371b392c-0ubuntu1~18.04.1 finished at Wed, 10 Mar 2021 19:01:38 +0000. Datasource DataSourceNoCloud [seed=/dev/sdb][dsmode=net].  Up 25.93 seconds
