Started at Wed Apr 21 21:20:59 UTC 2021
Processing aracnos
Offering aracnos to Project Build Discarder
aracnos accepted by Project Build Discarder
Processing roles_colections
Offering roles_colections to Project Build Discarder
roles_colections accepted by Project Build Discarder
Finished at Wed Apr 21 21:20:59 UTC 2021. 40ms
Started at Wed Apr 21 22:20:59 UTC 2021
Processing aracnos
Offering aracnos to Project Build Discarder
aracnos accepted by Project Build Discarder
Processing roles_colections
Offering roles_colections to Project Build Discarder
roles_colections accepted by Project Build Discarder
Finished at Wed Apr 21 22:20:59 UTC 2021. 16ms
Started at Wed Apr 21 23:20:59 UTC 2021
Processing aracnos
Offering aracnos to Project Build Discarder
aracnos accepted by Project Build Discarder
Processing roles_colections
Offering roles_colections to Project Build Discarder
roles_colections accepted by Project Build Discarder
Finished at Wed Apr 21 23:20:59 UTC 2021. 15ms
Started at Thu Apr 22 00:20:59 UTC 2021
Processing aracnos
Offering aracnos to Project Build Discarder
aracnos accepted by Project Build Discarder
Processing roles_colections
Offering roles_colections to Project Build Discarder
roles_colections accepted by Project Build Discarder
Finished at Thu Apr 22 00:20:59 UTC 2021. 11ms
Started at Thu Apr 22 01:20:59 UTC 2021
Processing aracnos
Offering aracnos to Project Build Discarder
aracnos accepted by Project Build Discarder
Processing roles_colections
Offering roles_colections to Project Build Discarder
roles_colections accepted by Project Build Discarder
Finished at Thu Apr 22 01:20:59 UTC 2021. 10ms
Started at Thu Apr 22 02:20:59 UTC 2021
Processing aracnos
Offering aracnos to Project Build Discarder
aracnos accepted by Project Build Discarder
Processing roles_colections
Offering roles_colections to Project Build Discarder
roles_colections accepted by Project Build Discarder
Finished at Thu Apr 22 02:20:59 UTC 2021. 11ms
Started at Thu Apr 22 03:20:59 UTC 2021
Processing aracnos
Offering aracnos to Project Build Discarder
aracnos accepted by Project Build Discarder
Processing roles_colections
Offering roles_colections to Project Build Discarder
roles_colections accepted by Project Build Discarder
Finished at Thu Apr 22 03:20:59 UTC 2021. 12ms
Started at Thu Apr 22 04:20:59 UTC 2021
Processing aracnos
Offering aracnos to Project Build Discarder
aracnos accepted by Project Build Discarder
Processing roles_colections
Offering roles_colections to Project Build Discarder
roles_colections accepted by Project Build Discarder
Finished at Thu Apr 22 04:20:59 UTC 2021. 16ms
Started at Thu Apr 22 05:20:59 UTC 2021
Processing aracnos
Offering aracnos to Project Build Discarder
aracnos accepted by Project Build Discarder
Processing roles_colections
Offering roles_colections to Project Build Discarder
roles_colections accepted by Project Build Discarder
Finished at Thu Apr 22 05:20:59 UTC 2021. 10ms
Started at Thu Apr 22 06:20:59 UTC 2021
Processing aracnos
Offering aracnos to Project Build Discarder
aracnos accepted by Project Build Discarder
Processing roles_colections
Offering roles_colections to Project Build Discarder
roles_colections accepted by Project Build Discarder
Finished at Thu Apr 22 06:20:59 UTC 2021. 11ms
Started at Thu Apr 22 07:20:59 UTC 2021
Processing aracnos
Offering aracnos to Project Build Discarder
aracnos accepted by Project Build Discarder
Processing roles_colections
Offering roles_colections to Project Build Discarder
roles_colections accepted by Project Build Discarder
Finished at Thu Apr 22 07:20:59 UTC 2021. 15ms
Started at Thu Apr 22 08:20:59 UTC 2021
Processing aracnos
Offering aracnos to Project Build Discarder
aracnos accepted by Project Build Discarder
Processing roles_colections
Offering roles_colections to Project Build Discarder
roles_colections accepted by Project Build Discarder
Finished at Thu Apr 22 08:20:59 UTC 2021. 14ms
Started at Thu Apr 22 09:20:59 UTC 2021
Processing aracnos
Offering aracnos to Project Build Discarder
aracnos accepted by Project Build Discarder
Processing roles_colections
Offering roles_colections to Project Build Discarder
roles_colections accepted by Project Build Discarder
Finished at Thu Apr 22 09:20:59 UTC 2021. 10ms
Started at Thu Apr 22 10:20:59 UTC 2021
Processing aracnos
Offering aracnos to Project Build Discarder
aracnos accepted by Project Build Discarder
Processing roles_colections
Offering roles_colections to Project Build Discarder
roles_colections accepted by Project Build Discarder
Finished at Thu Apr 22 10:20:59 UTC 2021. 15ms
Started at Thu Apr 22 11:20:59 UTC 2021
Processing aracnos
Offering aracnos to Project Build Discarder
aracnos accepted by Project Build Discarder
Processing roles_colections
Offering roles_colections to Project Build Discarder
roles_colections accepted by Project Build Discarder
Finished at Thu Apr 22 11:20:59 UTC 2021. 12ms
Started at Thu Apr 22 12:20:59 UTC 2021
Processing aracnos
Offering aracnos to Project Build Discarder
aracnos accepted by Project Build Discarder
Processing roles_colections
Offering roles_colections to Project Build Discarder
roles_colections accepted by Project Build Discarder
Finished at Thu Apr 22 12:20:59 UTC 2021. 14ms
Started at Thu Apr 22 13:20:59 UTC 2021
Processing aracnos
Offering aracnos to Project Build Discarder
aracnos accepted by Project Build Discarder
Processing roles_colections
Offering roles_colections to Project Build Discarder
roles_colections accepted by Project Build Discarder
Finished at Thu Apr 22 13:20:59 UTC 2021. 9ms
Started at Thu Apr 22 14:20:59 UTC 2021
Processing aracnos
Offering aracnos to Project Build Discarder
aracnos accepted by Project Build Discarder
Processing roles_colections
Offering roles_colections to Project Build Discarder
roles_colections accepted by Project Build Discarder
Finished at Thu Apr 22 14:20:59 UTC 2021. 12ms
Started at Thu Apr 22 15:20:59 UTC 2021
Processing aracnos
Offering aracnos to Project Build Discarder
aracnos accepted by Project Build Discarder
Processing roles_colections
Offering roles_colections to Project Build Discarder
roles_colections accepted by Project Build Discarder
Finished at Thu Apr 22 15:20:59 UTC 2021. 9ms
Started at Thu Apr 22 16:20:59 UTC 2021
Processing aracnos
Offering aracnos to Project Build Discarder
aracnos accepted by Project Build Discarder
Processing roles_colections
Offering roles_colections to Project Build Discarder
roles_colections accepted by Project Build Discarder
Finished at Thu Apr 22 16:20:59 UTC 2021. 13ms
Started at Thu Apr 22 17:20:59 UTC 2021
Processing aracnos
Offering aracnos to Project Build Discarder
aracnos accepted by Project Build Discarder
Processing roles_colections
Offering roles_colections to Project Build Discarder
roles_colections accepted by Project Build Discarder
Finished at Thu Apr 22 17:20:59 UTC 2021. 3ms
Started at Thu Apr 22 18:20:59 UTC 2021
Processing aracnos
Offering aracnos to Project Build Discarder
aracnos accepted by Project Build Discarder
Processing roles_colections
Offering roles_colections to Project Build Discarder
roles_colections accepted by Project Build Discarder
Finished at Thu Apr 22 18:20:59 UTC 2021. 12ms
